{"/home/yisroel/packages/head-starter-all/head-starter/src/index.ts": {"path":"/home/yisroel/packages/head-starter-all/head-starter/src/index.ts","statementMap":{"0":{"start":{"line":3,"column":0},"end":{"line":3,"column":52}},"1":{"start":{"line":10,"column":0},"end":{"line":10,"column":null}}},"fnMap":{},"branchMap":{},"s":{"0":1,"1":1},"f":{},"b":{}}
,"/home/yisroel/packages/head-starter-all/head-starter/src/custom/createStarter.ts": {"path":"/home/yisroel/packages/head-starter-all/head-starter/src/custom/createStarter.ts","statementMap":{"0":{"start":{"line":2,"column":12},"end":{"line":2,"column":26}},"1":{"start":{"line":3,"column":25},"end":{"line":3,"column":46}},"2":{"start":{"line":4,"column":0},"end":{"line":4,"column":35}},"3":{"start":{"line":5,"column":21},"end":{"line":5,"column":37}},"4":{"start":{"line":6,"column":17},"end":{"line":6,"column":37}},"5":{"start":{"line":7,"column":14},"end":{"line":7,"column":30}},"6":{"start":{"line":8,"column":28},"end":{"line":8,"column":49}},"7":{"start":{"line":10,"column":26},"end":{"line":10,"column":61}},"8":{"start":{"line":18,"column":4},"end":{"line":20,"column":null}},"9":{"start":{"line":18,"column":24},"end":{"line":20,"column":null}},"10":{"start":{"line":22,"column":74},"end":{"line":22,"column":87}},"11":{"start":{"line":24,"column":4},"end":{"line":24,"column":95}},"12":{"start":{"line":24,"column":31},"end":{"line":24,"column":95}},"13":{"start":{"line":25,"column":4},"end":{"line":25,"column":null}},"14":{"start":{"line":25,"column":21},"end":{"line":25,"column":null}},"15":{"start":{"line":27,"column":36},"end":{"line":34,"column":null}},"16":{"start":{"line":31,"column":16},"end":{"line":31,"column":66}},"17":{"start":{"line":36,"column":42},"end":{"line":52,"column":null}},"18":{"start":{"line":40,"column":16},"end":{"line":40,"column":56}},"19":{"start":{"line":40,"column":50},"end":{"line":40,"column":56}},"20":{"start":{"line":41,"column":33},"end":{"line":41,"column":93}},"21":{"start":{"line":42,"column":16},"end":{"line":42,"column":null}},"22":{"start":{"line":48,"column":16},"end":{"line":48,"column":55}},"23":{"start":{"line":48,"column":49},"end":{"line":48,"column":55}},"24":{"start":{"line":49,"column":16},"end":{"line":49,"column":null}},"25":{"start":{"line":54,"column":32},"end":{"line":54,"column":72}},"26":{"start":{"line":55,"column":18},"end":{"line":55,"column":52}},"27":{"start":{"line":56,"column":4},"end":{"line":60,"column":null}},"28":{"start":{"line":57,"column":8},"end":{"line":57,"column":null}},"29":{"start":{"line":59,"column":8},"end":{"line":59,"column":null}},"30":{"start":{"line":62,"column":4},"end":{"line":66,"column":null}},"31":{"start":{"line":63,"column":8},"end":{"line":63,"column":null}},"32":{"start":{"line":65,"column":8},"end":{"line":65,"column":null}},"33":{"start":{"line":12,"column":0},"end":{"line":12,"column":7}}},"fnMap":{"0":{"name":"createStarter","decl":{"start":{"line":12,"column":22},"end":{"line":12,"column":35}},"loc":{"start":{"line":16,"column":32},"end":{"line":67,"column":1}}},"1":{"name":"(anonymous_1)","decl":{"start":{"line":30,"column":18},"end":{"line":30,"column":23}},"loc":{"start":{"line":30,"column":29},"end":{"line":32,"column":13}}},"2":{"name":"(anonymous_2)","decl":{"start":{"line":39,"column":18},"end":{"line":39,"column":23}},"loc":{"start":{"line":39,"column":29},"end":{"line":43,"column":13}}},"3":{"name":"(anonymous_3)","decl":{"start":{"line":47,"column":18},"end":{"line":47,"column":23}},"loc":{"start":{"line":47,"column":29},"end":{"line":50,"column":13}}}},"branchMap":{"0":{"loc":{"start":{"line":16,"column":28},"end":{"line":16,"column":32}},"type":"default-arg","locations":[{"start":{"line":16,"column":28},"end":{"line":16,"column":32}}]},"1":{"loc":{"start":{"line":18,"column":4},"end":{"line":20,"column":null}},"type":"if","locations":[{"start":{"line":18,"column":4},"end":{"line":20,"column":null}},{"start":{"line":18,"column":4},"end":{"line":20,"column":null}}]},"2":{"loc":{"start":{"line":24,"column":4},"end":{"line":24,"column":95}},"type":"if","locations":[{"start":{"line":24,"column":4},"end":{"line":24,"column":95}},{"start":{"line":24,"column":4},"end":{"line":24,"column":95}}]},"3":{"loc":{"start":{"line":25,"column":4},"end":{"line":25,"column":null}},"type":"if","locations":[{"start":{"line":25,"column":4},"end":{"line":25,"column":null}},{"start":{"line":25,"column":4},"end":{"line":25,"column":null}}]},"4":{"loc":{"start":{"line":40,"column":16},"end":{"line":40,"column":56}},"type":"if","locations":[{"start":{"line":40,"column":16},"end":{"line":40,"column":56}},{"start":{"line":40,"column":16},"end":{"line":40,"column":56}}]},"5":{"loc":{"start":{"line":48,"column":16},"end":{"line":48,"column":55}},"type":"if","locations":[{"start":{"line":48,"column":16},"end":{"line":48,"column":55}},{"start":{"line":48,"column":16},"end":{"line":48,"column":55}}]}},"s":{"0":2,"1":2,"2":2,"3":2,"4":2,"5":2,"6":2,"7":2,"8":7,"9":1,"10":6,"11":6,"12":2,"13":6,"14":1,"15":6,"16":6,"17":6,"18":5,"19":2,"20":3,"21":3,"22":4,"23":3,"24":1,"25":6,"26":6,"27":6,"28":6,"29":1,"30":5,"31":5,"32":1,"33":2},"f":{"0":7,"1":6,"2":5,"3":4},"b":{"0":[2],"1":[1,6],"2":[2,4],"3":[1,5],"4":[2,3],"5":[3,1]}}
}
